<?xml version="1.0" encoding="UTF-8"?>
<!-- Generated by org.testng.reporters.JUnitReportReporter -->
<testsuite hostname="DESKTOP-F8PAPQ7" failures="0" tests="2" name="com.amzon.testcase.Indexpagetest" time="18.523" errors="0" timestamp="2022-11-10T13:57:33 MST" skipped="0">
  <testcase classname="com.amzon.testcase.Indexpagetest" name="verifytitle" time="12.865"/>
  <system-out/>
  <testcase classname="com.amzon.testcase.Indexpagetest" name="verifylogo" time="5.658"/>
  <system-out/>
</testsuite> <!-- com.amzon.testcase.Indexpagetest -->
