<?xml version="1.0" encoding="UTF-8"?>
<!-- Generated by org.testng.reporters.JUnitReportReporter -->
<testsuite hostname="DESKTOP-F8PAPQ7" failures="0" tests="1" name="com.amzon.testcase.Loginpagetest" time="18.747" errors="0" timestamp="2022-11-18T09:19:08 MST" skipped="0">
  <testcase classname="com.amzon.testcase.Loginpagetest" name="logintest" time="18.747"/>
  <system-out/>
</testsuite> <!-- com.amzon.testcase.Loginpagetest -->
