<?xml version="1.0" encoding="UTF-8"?>
<!-- Generated by org.testng.reporters.JUnitReportReporter -->
<testsuite hostname="DESKTOP-F8PAPQ7" failures="0" tests="1" name="com.website.openchrome" time="17.209" errors="0" timestamp="2022-11-08T09:13:39 MST" skipped="0">
  <testcase classname="com.website.openchrome" name="testgoogle" time="17.209"/>
  <system-out/>
</testsuite> <!-- com.website.openchrome -->
