<?xml version="1.0" encoding="UTF-8"?>
<!-- Generated by org.testng.reporters.JUnitReportReporter -->
<testsuite hostname="DESKTOP-F8PAPQ7" failures="0" tests="1" name="testNGpratice.testclass" time="0.032" errors="0" timestamp="2022-11-08T08:47:49 MST" skipped="0">
  <testcase classname="testNGpratice.testclass" name="test1" time="0.032"/>
  <system-out/>
</testsuite> <!-- testNGpratice.testclass -->
